<?xml version="1.0" encoding="UTF-8"?>
<testsuite xmlns:xsi="http://www.w3.org/2001/XMLSchema-instance" xsi:noNamespaceSchemaLocation="https://maven.apache.org/surefire/maven-surefire-plugin/xsd/surefire-test-report.xsd" name="com.ryanbourdais.AppTest" time="0.029" tests="5" errors="0" skipped="0" failures="0">
  <properties>
[...]
</properties>
  <testcase name="DivisionTest" classname="com.ryanbourdais.AppTest" time="0.002"/>
  <testcase name="shouldAnswerWithTrue" classname="com.ryanbourdais.AppTest" time="0"/>
  <testcase name="shouldEqualTwentyOne" classname="com.ryanbourdais.AppTest" time="0"/>
  <testcase name="shouldEqualThree" classname="com.ryanbourdais.AppTest" time="0"/>
  <testcase name="shouldEqualFive" classname="com.ryanbourdais.AppTest" time="0"/>
</testsuite>